This file contains any messages produced by compilers while
running configure, to aid debugging if configure makes a mistake.

It was created by sphinxbase configure 5prealpha, which was
generated by GNU Autoconf 2.69.  Invocation command line was

  $ ./configure 

## --------- ##
## Platform. ##
## --------- ##

hostname = arm
uname -m = armv7l
uname -r = 4.14.54-ti-r63
uname -s = Linux
uname -v = #1 SMP PREEMPT Thu Jul 12 21:52:17 UTC 2018

/usr/bin/uname -p = unknown
/bin/uname -X     = unknown

/bin/arch              = unknown
/usr/bin/arch -k       = unknown
/usr/convex/getsysinfo = unknown
/usr/bin/hostinfo      = unknown
/bin/machine           = unknown
/usr/bin/oslevel       = unknown
/bin/universe          = unknown

PATH: /home/ubuntu/bin
PATH: /usr/local/sbin
PATH: /usr/local/bin
PATH: /usr/sbin
PATH: /usr/bin
PATH: /sbin
PATH: /bin
PATH: /usr/games
PATH: /usr/local/games


## ----------- ##
## Core tests. ##
## ----------- ##

configure:2556: checking for a BSD-compatible install
configure:2624: result: /usr/bin/install -c
configure:2635: checking whether build environment is sane
configure:2690: result: yes
configure:2841: checking for a thread-safe mkdir -p
configure:2880: result: /bin/mkdir -p
configure:2887: checking for gawk
configure:2917: result: no
configure:2887: checking for mawk
configure:2903: found /usr/bin/mawk
configure:2914: result: mawk
configure:2925: checking whether make sets $(MAKE)
configure:2947: result: yes
configure:2976: checking whether make supports nested variables
configure:2993: result: yes
configure:3118: checking build system type
configure:3132: result: armv7l-unknown-linux-gnueabihf
configure:3152: checking host system type
configure:3165: result: armv7l-unknown-linux-gnueabihf
configure:3197: checking for style of include used by make
configure:3225: result: GNU
configure:3296: checking for gcc
configure:3312: found /usr/bin/gcc
configure:3323: result: gcc
configure:3552: checking for C compiler version
configure:3561: gcc --version >&5
gcc (Ubuntu/Linaro 7.3.0-16ubuntu3) 7.3.0
Copyright (C) 2017 Free Software Foundation, Inc.
This is free software; see the source for copying conditions.  There is NO
warranty; not even for MERCHANTABILITY or FITNESS FOR A PARTICULAR PURPOSE.

configure:3572: $? = 0
configure:3561: gcc -v >&5
Using built-in specs.
COLLECT_GCC=gcc
COLLECT_LTO_WRAPPER=/usr/lib/gcc/arm-linux-gnueabihf/7/lto-wrapper
Target: arm-linux-gnueabihf
Configured with: ../src/configure -v --with-pkgversion='Ubuntu/Linaro 7.3.0-16ubuntu3' --with-bugurl=file:///usr/share/doc/gcc-7/README.Bugs --enable-languages=c,ada,c++,go,d,fortran,objc,obj-c++ --prefix=/usr --with-gcc-major-version-only --with-as=/usr/bin/arm-linux-gnueabihf-as --with-ld=/usr/bin/arm-linux-gnueabihf-ld --program-suffix=-7 --program-prefix=arm-linux-gnueabihf- --enable-shared --enable-linker-build-id --libexecdir=/usr/lib --without-included-gettext --enable-threads=posix --libdir=/usr/lib --enable-nls --with-sysroot=/ --enable-clocale=gnu --enable-libstdcxx-debug --enable-libstdcxx-time=yes --with-default-libstdcxx-abi=new --enable-gnu-unique-object --disable-libitm --disable-libquadmath --disable-libquadmath-support --enable-plugin --enable-default-pie --with-system-zlib --with-target-system-zlib --enable-objc-gc=auto --enable-multiarch --enable-multilib --disable-sjlj-exceptions --with-arch=armv7-a --with-fpu=vfpv3-d16 --with-float=hard --with-mode=thumb --disable-werror --enable-multilib --enable-checking=release --build=arm-linux-gnueabihf --host=arm-linux-gnueabihf --target=arm-linux-gnueabihf
Thread model: posix
gcc version 7.3.0 (Ubuntu/Linaro 7.3.0-16ubuntu3) 
configure:3572: $? = 0
configure:3561: gcc -V >&5
gcc: error: unrecognized command line option '-V'
gcc: fatal error: no input files
compilation terminated.
configure:3572: $? = 1
configure:3561: gcc -qversion >&5
gcc: error: unrecognized command line option '-qversion'; did you mean '--version'?
gcc: fatal error: no input files
compilation terminated.
configure:3572: $? = 1
configure:3592: checking whether the C compiler works
configure:3614: gcc -g -O2 -Wall   conftest.c  >&5
configure:3618: $? = 0
configure:3666: result: yes
configure:3669: checking for C compiler default output file name
configure:3671: result: a.out
configure:3677: checking for suffix of executables
configure:3684: gcc -o conftest -g -O2 -Wall   conftest.c  >&5
configure:3688: $? = 0
configure:3710: result: 
configure:3732: checking whether we are cross compiling
configure:3740: gcc -o conftest -g -O2 -Wall   conftest.c  >&5
configure:3744: $? = 0
configure:3751: ./conftest
configure:3755: $? = 0
configure:3770: result: no
configure:3775: checking for suffix of object files
configure:3797: gcc -c -g -O2 -Wall  conftest.c >&5
configure:3801: $? = 0
configure:3822: result: o
configure:3826: checking whether we are using the GNU C compiler
configure:3845: gcc -c -g -O2 -Wall  conftest.c >&5
configure:3845: $? = 0
configure:3854: result: yes
configure:3863: checking whether gcc accepts -g
configure:3883: gcc -c -g  conftest.c >&5
configure:3883: $? = 0
configure:3924: result: yes
configure:3941: checking for gcc option to accept ISO C89
configure:4004: gcc  -c -g -O2 -Wall  conftest.c >&5
configure:4004: $? = 0
configure:4017: result: none needed
configure:4042: checking whether gcc understands -c and -o together
configure:4064: gcc -c conftest.c -o conftest2.o
configure:4067: $? = 0
configure:4064: gcc -c conftest.c -o conftest2.o
configure:4067: $? = 0
configure:4079: result: yes
configure:4098: checking dependency style of gcc
configure:4209: result: gcc3
configure:4225: checking for library containing strerror
configure:4256: gcc -o conftest -g -O2 -Wall   conftest.c  >&5
configure:4256: $? = 0
configure:4273: result: none required
configure:4329: checking for gcc
configure:4356: result: gcc
configure:4585: checking for C compiler version
configure:4594: gcc --version >&5
gcc (Ubuntu/Linaro 7.3.0-16ubuntu3) 7.3.0
Copyright (C) 2017 Free Software Foundation, Inc.
This is free software; see the source for copying conditions.  There is NO
warranty; not even for MERCHANTABILITY or FITNESS FOR A PARTICULAR PURPOSE.

configure:4605: $? = 0
configure:4594: gcc -v >&5
Using built-in specs.
COLLECT_GCC=gcc
COLLECT_LTO_WRAPPER=/usr/lib/gcc/arm-linux-gnueabihf/7/lto-wrapper
Target: arm-linux-gnueabihf
Configured with: ../src/configure -v --with-pkgversion='Ubuntu/Linaro 7.3.0-16ubuntu3' --with-bugurl=file:///usr/share/doc/gcc-7/README.Bugs --enable-languages=c,ada,c++,go,d,fortran,objc,obj-c++ --prefix=/usr --with-gcc-major-version-only --with-as=/usr/bin/arm-linux-gnueabihf-as --with-ld=/usr/bin/arm-linux-gnueabihf-ld --program-suffix=-7 --program-prefix=arm-linux-gnueabihf- --enable-shared --enable-linker-build-id --libexecdir=/usr/lib --without-included-gettext --enable-threads=posix --libdir=/usr/lib --enable-nls --with-sysroot=/ --enable-clocale=gnu --enable-libstdcxx-debug --enable-libstdcxx-time=yes --with-default-libstdcxx-abi=new --enable-gnu-unique-object --disable-libitm --disable-libquadmath --disable-libquadmath-support --enable-plugin --enable-default-pie --with-system-zlib --with-target-system-zlib --enable-objc-gc=auto --enable-multiarch --enable-multilib --disable-sjlj-exceptions --with-arch=armv7-a --with-fpu=vfpv3-d16 --with-float=hard --with-mode=thumb --disable-werror --enable-multilib --enable-checking=release --build=arm-linux-gnueabihf --host=arm-linux-gnueabihf --target=arm-linux-gnueabihf
Thread model: posix
gcc version 7.3.0 (Ubuntu/Linaro 7.3.0-16ubuntu3) 
configure:4605: $? = 0
configure:4594: gcc -V >&5
gcc: error: unrecognized command line option '-V'
gcc: fatal error: no input files
compilation terminated.
configure:4605: $? = 1
configure:4594: gcc -qversion >&5
gcc: error: unrecognized command line option '-qversion'; did you mean '--version'?
gcc: fatal error: no input files
compilation terminated.
configure:4605: $? = 1
configure:4609: checking whether we are using the GNU C compiler
configure:4637: result: yes
configure:4646: checking whether gcc accepts -g
configure:4707: result: yes
configure:4724: checking for gcc option to accept ISO C89
configure:4800: result: none needed
configure:4825: checking whether gcc understands -c and -o together
configure:4862: result: yes
configure:4881: checking dependency style of gcc
configure:4992: result: gcc3
configure:5011: checking for gcc option to accept ISO C99
configure:5160: gcc  -c -g -O2 -Wall  conftest.c >&5
conftest.c: In function 'test_varargs':
conftest.c:80:9: warning: variable 'fnumber' set but not used [-Wunused-but-set-variable]
   float fnumber;
         ^~~~~~~
conftest.c:79:7: warning: variable 'number' set but not used [-Wunused-but-set-variable]
   int number;
       ^~~~~~
conftest.c:78:15: warning: variable 'str' set but not used [-Wunused-but-set-variable]
   const char *str;
               ^~~
configure:5160: $? = 0
configure:5173: result: none needed
configure:5281: checking for gcc option to accept ISO Standard C
configure:5292: result: none needed
configure:5346: checking how to print strings
configure:5373: result: printf
configure:5394: checking for a sed that does not truncate output
configure:5458: result: /bin/sed
configure:5476: checking for grep that handles long lines and -e
configure:5534: result: /bin/grep
configure:5539: checking for egrep
configure:5601: result: /bin/grep -E
configure:5606: checking for fgrep
configure:5668: result: /bin/grep -F
configure:5703: checking for ld used by gcc
configure:5770: result: /usr/bin/arm-linux-gnueabihf-ld
configure:5777: checking if the linker (/usr/bin/arm-linux-gnueabihf-ld) is GNU ld
configure:5792: result: yes
configure:5804: checking for BSD- or MS-compatible name lister (nm)
configure:5858: result: /usr/bin/nm -B
configure:5988: checking the name lister (/usr/bin/nm -B) interface
configure:5995: gcc -c -g -O2 -Wall  conftest.c >&5
configure:5998: /usr/bin/nm -B "conftest.o"
configure:6001: output
00000000 B some_variable
configure:6008: result: BSD nm
configure:6011: checking whether ln -s works
configure:6015: result: yes
configure:6023: checking the maximum length of command line arguments
configure:6154: result: 1572864
configure:6202: checking how to convert armv7l-unknown-linux-gnueabihf file names to armv7l-unknown-linux-gnueabihf format
configure:6242: result: func_convert_file_noop
configure:6249: checking how to convert armv7l-unknown-linux-gnueabihf file names to toolchain format
configure:6269: result: func_convert_file_noop
configure:6276: checking for /usr/bin/arm-linux-gnueabihf-ld option to reload object files
configure:6283: result: -r
configure:6357: checking for objdump
configure:6373: found /usr/bin/objdump
configure:6384: result: objdump
configure:6416: checking how to recognize dependent libraries
configure:6616: result: pass_all
configure:6701: checking for dlltool
configure:6731: result: no
configure:6761: checking how to associate runtime and link libraries
configure:6788: result: printf %s\n
configure:6848: checking for ar
configure:6864: found /usr/bin/ar
configure:6875: result: ar
configure:6912: checking for archiver @FILE support
configure:6929: gcc -c -g -O2 -Wall  conftest.c >&5
configure:6929: $? = 0
configure:6932: ar cru libconftest.a @conftest.lst >&5
ar: `u' modifier ignored since `D' is the default (see `U')
configure:6935: $? = 0
configure:6940: ar cru libconftest.a @conftest.lst >&5
ar: `u' modifier ignored since `D' is the default (see `U')
ar: conftest.o: No such file or directory
configure:6943: $? = 1
configure:6955: result: @
configure:7013: checking for strip
configure:7029: found /usr/bin/strip
configure:7040: result: strip
configure:7112: checking for ranlib
configure:7128: found /usr/bin/ranlib
configure:7139: result: ranlib
configure:7241: checking command to parse /usr/bin/nm -B output from gcc object
configure:7394: gcc -c -g -O2 -Wall  conftest.c >&5
configure:7397: $? = 0
configure:7401: /usr/bin/nm -B conftest.o \| sed -n -e 's/^.*[ ]\([ABCDGIRSTW][ABCDGIRSTW]*\)[ ][ ]*\([_A-Za-z][_A-Za-z0-9]*\)$/\1 \2 \2/p' | sed '/ __gnu_lto/d' \> conftest.nm
configure:7404: $? = 0
configure:7470: gcc -o conftest -g -O2 -Wall   conftest.c conftstm.o >&5
configure:7473: $? = 0
configure:7511: result: ok
configure:7558: checking for sysroot
configure:7588: result: no
configure:7595: checking for a working dd
configure:7633: result: /bin/dd
configure:7637: checking how to truncate binary pipes
configure:7652: result: /bin/dd bs=4096 count=1
configure:7981: checking for mt
configure:7997: found /bin/mt
configure:8008: result: mt
configure:8031: checking if mt is a manifest tool
configure:8037: mt '-?'
configure:8045: result: no
configure:8722: checking how to run the C preprocessor
configure:8753: gcc -E  conftest.c
configure:8753: $? = 0
configure:8767: gcc -E  conftest.c
conftest.c:9:10: fatal error: ac_nonexistent.h: No such file or directory
 #include <ac_nonexistent.h>
          ^~~~~~~~~~~~~~~~~~
compilation terminated.
configure:8767: $? = 1
configure: failed program was:
| /* confdefs.h */
| #define PACKAGE_NAME "sphinxbase"
| #define PACKAGE_TARNAME "sphinxbase"
| #define PACKAGE_VERSION "5prealpha"
| #define PACKAGE_STRING "sphinxbase 5prealpha"
| #define PACKAGE_BUGREPORT ""
| #define PACKAGE_URL ""
| /* end confdefs.h.  */
| #include <ac_nonexistent.h>
configure:8792: result: gcc -E
configure:8812: gcc -E  conftest.c
configure:8812: $? = 0
configure:8826: gcc -E  conftest.c
conftest.c:9:10: fatal error: ac_nonexistent.h: No such file or directory
 #include <ac_nonexistent.h>
          ^~~~~~~~~~~~~~~~~~
compilation terminated.
configure:8826: $? = 1
configure: failed program was:
| /* confdefs.h */
| #define PACKAGE_NAME "sphinxbase"
| #define PACKAGE_TARNAME "sphinxbase"
| #define PACKAGE_VERSION "5prealpha"
| #define PACKAGE_STRING "sphinxbase 5prealpha"
| #define PACKAGE_BUGREPORT ""
| #define PACKAGE_URL ""
| /* end confdefs.h.  */
| #include <ac_nonexistent.h>
configure:8855: checking for ANSI C header files
configure:8875: gcc -c -g -O2 -Wall  conftest.c >&5
configure:8875: $? = 0
configure:8948: gcc -o conftest -g -O2 -Wall   conftest.c  >&5
configure:8948: $? = 0
configure:8948: ./conftest
configure:8948: $? = 0
configure:8959: result: yes
configure:8972: checking for sys/types.h
configure:8972: gcc -c -g -O2 -Wall  conftest.c >&5
configure:8972: $? = 0
configure:8972: result: yes
configure:8972: checking for sys/stat.h
configure:8972: gcc -c -g -O2 -Wall  conftest.c >&5
configure:8972: $? = 0
configure:8972: result: yes
configure:8972: checking for stdlib.h
configure:8972: gcc -c -g -O2 -Wall  conftest.c >&5
configure:8972: $? = 0
configure:8972: result: yes
configure:8972: checking for string.h
configure:8972: gcc -c -g -O2 -Wall  conftest.c >&5
configure:8972: $? = 0
configure:8972: result: yes
configure:8972: checking for memory.h
configure:8972: gcc -c -g -O2 -Wall  conftest.c >&5
configure:8972: $? = 0
configure:8972: result: yes
configure:8972: checking for strings.h
configure:8972: gcc -c -g -O2 -Wall  conftest.c >&5
configure:8972: $? = 0
configure:8972: result: yes
configure:8972: checking for inttypes.h
configure:8972: gcc -c -g -O2 -Wall  conftest.c >&5
configure:8972: $? = 0
configure:8972: result: yes
configure:8972: checking for stdint.h
configure:8972: gcc -c -g -O2 -Wall  conftest.c >&5
configure:8972: $? = 0
configure:8972: result: yes
configure:8972: checking for unistd.h
configure:8972: gcc -c -g -O2 -Wall  conftest.c >&5
configure:8972: $? = 0
configure:8972: result: yes
configure:8986: checking for dlfcn.h
configure:8986: gcc -c -g -O2 -Wall  conftest.c >&5
configure:8986: $? = 0
configure:8986: result: yes
configure:9242: checking for objdir
configure:9257: result: .libs
configure:9521: checking if gcc supports -fno-rtti -fno-exceptions
configure:9539: gcc -c -g -O2 -Wall  -fno-rtti -fno-exceptions conftest.c >&5
cc1: warning: command line option '-fno-rtti' is valid for C++/ObjC++ but not for C
configure:9543: $? = 0
configure:9556: result: no
configure:9914: checking for gcc option to produce PIC
configure:9921: result: -fPIC -DPIC
configure:9929: checking if gcc PIC flag -fPIC -DPIC works
configure:9947: gcc -c -g -O2 -Wall  -fPIC -DPIC -DPIC conftest.c >&5
configure:9951: $? = 0
configure:9964: result: yes
configure:9993: checking if gcc static flag -static works
configure:10021: result: yes
configure:10036: checking if gcc supports -c -o file.o
configure:10057: gcc -c -g -O2 -Wall  -o out/conftest2.o conftest.c >&5
configure:10061: $? = 0
configure:10083: result: yes
configure:10091: checking if gcc supports -c -o file.o
configure:10138: result: yes
configure:10171: checking whether the gcc linker (/usr/bin/arm-linux-gnueabihf-ld) supports shared libraries
configure:11434: result: yes
configure:11471: checking whether -lc should be explicitly linked in
configure:11479: gcc -c -g -O2 -Wall  conftest.c >&5
configure:11482: $? = 0
configure:11497: gcc -shared  -fPIC -DPIC conftest.o  -v -Wl,-soname -Wl,conftest -o conftest 2\>\&1 \| /bin/grep  -lc  \>/dev/null 2\>\&1
configure:11500: $? = 0
configure:11514: result: no
configure:11674: checking dynamic linker characteristics
configure:12255: gcc -o conftest -g -O2 -Wall   -Wl,-rpath -Wl,/foo conftest.c  >&5
configure:12255: $? = 0
configure:12504: result: GNU/Linux ld.so
configure:12626: checking how to hardcode library paths into programs
configure:12651: result: immediate
configure:13199: checking whether stripping libraries is possible
configure:13204: result: yes
configure:13239: checking if libtool supports shared libraries
configure:13241: result: yes
configure:13244: checking whether to build shared libraries
configure:13269: result: yes
configure:13272: checking whether to build static libraries
configure:13276: result: yes
configure:13318: checking for bison
configure:13334: found /usr/bin/bison
configure:13346: result: bison -y
configure:13360: checking for ANSI C header files
configure:13464: result: yes
configure:13472: checking whether byte ordering is bigendian
configure:13487: gcc -c -g -O2 -Wall  conftest.c >&5
conftest.c:23:9: error: unknown type name 'not'
         not a universal capable compiler
         ^~~
conftest.c:23:15: error: expected '=', ',', ';', 'asm' or '__attribute__' before 'universal'
         not a universal capable compiler
               ^~~~~~~~~
conftest.c:23:15: error: unknown type name 'universal'
configure:13487: $? = 1
configure: failed program was:
| /* confdefs.h */
| #define PACKAGE_NAME "sphinxbase"
| #define PACKAGE_TARNAME "sphinxbase"
| #define PACKAGE_VERSION "5prealpha"
| #define PACKAGE_STRING "sphinxbase 5prealpha"
| #define PACKAGE_BUGREPORT ""
| #define PACKAGE_URL ""
| #define STDC_HEADERS 1
| #define HAVE_SYS_TYPES_H 1
| #define HAVE_SYS_STAT_H 1
| #define HAVE_STDLIB_H 1
| #define HAVE_STRING_H 1
| #define HAVE_MEMORY_H 1
| #define HAVE_STRINGS_H 1
| #define HAVE_INTTYPES_H 1
| #define HAVE_STDINT_H 1
| #define HAVE_UNISTD_H 1
| #define HAVE_DLFCN_H 1
| #define LT_OBJDIR ".libs/"
| #define STDC_HEADERS 1
| /* end confdefs.h.  */
| #ifndef __APPLE_CC__
| 	       not a universal capable compiler
| 	     #endif
| 	     typedef int dummy;
| 
configure:13532: gcc -c -g -O2 -Wall  conftest.c >&5
configure:13532: $? = 0
configure:13550: gcc -c -g -O2 -Wall  conftest.c >&5
conftest.c: In function 'main':
conftest.c:29:4: error: unknown type name 'not'; did you mean 'ino_t'?
    not big endian
    ^~~
    ino_t
conftest.c:29:12: error: expected '=', ',', ';', 'asm' or '__attribute__' before 'endian'
    not big endian
            ^~~~~~
configure:13550: $? = 1
configure: failed program was:
| /* confdefs.h */
| #define PACKAGE_NAME "sphinxbase"
| #define PACKAGE_TARNAME "sphinxbase"
| #define PACKAGE_VERSION "5prealpha"
| #define PACKAGE_STRING "sphinxbase 5prealpha"
| #define PACKAGE_BUGREPORT ""
| #define PACKAGE_URL ""
| #define STDC_HEADERS 1
| #define HAVE_SYS_TYPES_H 1
| #define HAVE_SYS_STAT_H 1
| #define HAVE_STDLIB_H 1
| #define HAVE_STRING_H 1
| #define HAVE_MEMORY_H 1
| #define HAVE_STRINGS_H 1
| #define HAVE_INTTYPES_H 1
| #define HAVE_STDINT_H 1
| #define HAVE_UNISTD_H 1
| #define HAVE_DLFCN_H 1
| #define LT_OBJDIR ".libs/"
| #define STDC_HEADERS 1
| /* end confdefs.h.  */
| #include <sys/types.h>
| 		#include <sys/param.h>
| 
| int
| main ()
| {
| #if BYTE_ORDER != BIG_ENDIAN
| 		 not big endian
| 		#endif
| 
|   ;
|   return 0;
| }
configure:13678: result: no
configure:13696: checking return type of signal handlers
configure:13714: gcc -c -g -O2 -Wall  conftest.c >&5
conftest.c: In function 'main':
conftest.c:28:10: error: void value not ignored as it ought to be
 return *(signal (0, 0)) (0) == 1;
         ~^~~~~~~~~~~~~~~~~~
configure:13714: $? = 1
configure: failed program was:
| /* confdefs.h */
| #define PACKAGE_NAME "sphinxbase"
| #define PACKAGE_TARNAME "sphinxbase"
| #define PACKAGE_VERSION "5prealpha"
| #define PACKAGE_STRING "sphinxbase 5prealpha"
| #define PACKAGE_BUGREPORT ""
| #define PACKAGE_URL ""
| #define STDC_HEADERS 1
| #define HAVE_SYS_TYPES_H 1
| #define HAVE_SYS_STAT_H 1
| #define HAVE_STDLIB_H 1
| #define HAVE_STRING_H 1
| #define HAVE_MEMORY_H 1
| #define HAVE_STRINGS_H 1
| #define HAVE_INTTYPES_H 1
| #define HAVE_STDINT_H 1
| #define HAVE_UNISTD_H 1
| #define HAVE_DLFCN_H 1
| #define LT_OBJDIR ".libs/"
| #define STDC_HEADERS 1
| /* end confdefs.h.  */
| #include <sys/types.h>
| #include <signal.h>
| 
| int
| main ()
| {
| return *(signal (0, 0)) (0) == 1;
|   ;
|   return 0;
| }
configure:13721: result: void
configure:13729: checking for long long
configure:13729: gcc -c -g -O2 -Wall  conftest.c >&5
configure:13729: $? = 0
configure:13729: gcc -c -g -O2 -Wall  conftest.c >&5
conftest.c: In function 'main':
conftest.c:59:24: error: expected expression before ')' token
 if (sizeof ((long long)))
                        ^
configure:13729: $? = 1
configure: failed program was:
| /* confdefs.h */
| #define PACKAGE_NAME "sphinxbase"
| #define PACKAGE_TARNAME "sphinxbase"
| #define PACKAGE_VERSION "5prealpha"
| #define PACKAGE_STRING "sphinxbase 5prealpha"
| #define PACKAGE_BUGREPORT ""
| #define PACKAGE_URL ""
| #define STDC_HEADERS 1
| #define HAVE_SYS_TYPES_H 1
| #define HAVE_SYS_STAT_H 1
| #define HAVE_STDLIB_H 1
| #define HAVE_STRING_H 1
| #define HAVE_MEMORY_H 1
| #define HAVE_STRINGS_H 1
| #define HAVE_INTTYPES_H 1
| #define HAVE_STDINT_H 1
| #define HAVE_UNISTD_H 1
| #define HAVE_DLFCN_H 1
| #define LT_OBJDIR ".libs/"
| #define STDC_HEADERS 1
| #define RETSIGTYPE void
| /* end confdefs.h.  */
| #include <stdio.h>
| #ifdef HAVE_SYS_TYPES_H
| # include <sys/types.h>
| #endif
| #ifdef HAVE_SYS_STAT_H
| # include <sys/stat.h>
| #endif
| #ifdef STDC_HEADERS
| # include <stdlib.h>
| # include <stddef.h>
| #else
| # ifdef HAVE_STDLIB_H
| #  include <stdlib.h>
| # endif
| #endif
| #ifdef HAVE_STRING_H
| # if !defined STDC_HEADERS && defined HAVE_MEMORY_H
| #  include <memory.h>
| # endif
| # include <string.h>
| #endif
| #ifdef HAVE_STRINGS_H
| # include <strings.h>
| #endif
| #ifdef HAVE_INTTYPES_H
| # include <inttypes.h>
| #endif
| #ifdef HAVE_STDINT_H
| # include <stdint.h>
| #endif
| #ifdef HAVE_UNISTD_H
| # include <unistd.h>
| #endif
| int
| main ()
| {
| if (sizeof ((long long)))
| 	    return 0;
|   ;
|   return 0;
| }
configure:13729: result: yes
configure:13743: checking size of long long
configure:13748: gcc -o conftest -g -O2 -Wall   conftest.c  >&5
configure:13748: $? = 0
configure:13748: ./conftest
configure:13748: $? = 0
configure:13762: result: 8
configure:13776: checking size of long
configure:13781: gcc -o conftest -g -O2 -Wall   conftest.c  >&5
configure:13781: $? = 0
configure:13781: ./conftest
configure:13781: $? = 0
configure:13795: result: 4
configure:13808: checking for popen
configure:13808: gcc -o conftest -g -O2 -Wall   conftest.c  >&5
configure:13808: $? = 0
configure:13808: result: yes
configure:13808: checking for perror
configure:13808: gcc -o conftest -g -O2 -Wall   conftest.c  >&5
configure:13808: $? = 0
configure:13808: result: yes
configure:13808: checking for snprintf
configure:13808: gcc -o conftest -g -O2 -Wall   conftest.c  >&5
conftest.c:51:6: warning: conflicting types for built-in function 'snprintf' [-Wbuiltin-declaration-mismatch]
 char snprintf ();
      ^~~~~~~~
configure:13808: $? = 0
configure:13808: result: yes
configure:13817: checking errno.h usability
configure:13817: gcc -c -g -O2 -Wall  conftest.c >&5
configure:13817: $? = 0
configure:13817: result: yes
configure:13817: checking errno.h presence
configure:13817: gcc -E  conftest.c
configure:13817: $? = 0
configure:13817: result: yes
configure:13817: checking for errno.h
configure:13817: result: yes
configure:13837: checking for sgesv_ in -llapack
configure:13862: gcc -o conftest -g -O2 -Wall   conftest.c -llapack   >&5
/usr/bin/arm-linux-gnueabihf-ld: cannot find -llapack
collect2: error: ld returned 1 exit status
configure:13862: $? = 1
configure: failed program was:
| /* confdefs.h */
| #define PACKAGE_NAME "sphinxbase"
| #define PACKAGE_TARNAME "sphinxbase"
| #define PACKAGE_VERSION "5prealpha"
| #define PACKAGE_STRING "sphinxbase 5prealpha"
| #define PACKAGE_BUGREPORT ""
| #define PACKAGE_URL ""
| #define STDC_HEADERS 1
| #define HAVE_SYS_TYPES_H 1
| #define HAVE_SYS_STAT_H 1
| #define HAVE_STDLIB_H 1
| #define HAVE_STRING_H 1
| #define HAVE_MEMORY_H 1
| #define HAVE_STRINGS_H 1
| #define HAVE_INTTYPES_H 1
| #define HAVE_STDINT_H 1
| #define HAVE_UNISTD_H 1
| #define HAVE_DLFCN_H 1
| #define LT_OBJDIR ".libs/"
| #define STDC_HEADERS 1
| #define RETSIGTYPE void
| #define HAVE_LONG_LONG 1
| #define SIZEOF_LONG_LONG 8
| #define SIZEOF_LONG 4
| #define HAVE_POPEN 1
| #define HAVE_PERROR 1
| #define HAVE_SNPRINTF 1
| /* end confdefs.h.  */
| 
| /* Override any GCC internal prototype to avoid an error.
|    Use char because int might match the return type of a GCC
|    builtin and then its argument prototype would still apply.  */
| #ifdef __cplusplus
| extern "C"
| #endif
| char sgesv_ ();
| int
| main ()
| {
| return sgesv_ ();
|   ;
|   return 0;
| }
configure:13871: result: no
configure:13954: checking for log in -lm
configure:13979: gcc -o conftest -g -O2 -Wall   conftest.c -lm   >&5
conftest.c:37:6: warning: conflicting types for built-in function 'log' [-Wbuiltin-declaration-mismatch]
 char log ();
      ^~~
configure:13979: $? = 0
configure:13988: result: yes
configure:14019: checking pthread.h usability
configure:14019: gcc -c -g -O2 -Wall  conftest.c >&5
configure:14019: $? = 0
configure:14019: result: yes
configure:14019: checking pthread.h presence
configure:14019: gcc -E  conftest.c
configure:14019: $? = 0
configure:14019: result: yes
configure:14019: checking for pthread.h
configure:14019: result: yes
configure:14029: checking for pthread_create in -lpthread
configure:14054: gcc -o conftest -g -O2 -Wall   conftest.c -lpthread  -lm  >&5
configure:14054: $? = 0
configure:14063: result: yes
configure:14136: checking pulse/pulseaudio.h usability
configure:14136: gcc -c -g -O2 -Wall  conftest.c >&5
configure:14136: $? = 0
configure:14136: result: yes
configure:14136: checking pulse/pulseaudio.h presence
configure:14136: gcc -E  conftest.c
configure:14136: $? = 0
configure:14136: result: yes
configure:14136: checking for pulse/pulseaudio.h
configure:14136: result: yes
configure:14140: checking for pa_simple_new in -lpulse-simple
configure:14165: gcc -o conftest -g -O2 -Wall   conftest.c -lpulse-simple  -lpthread -lm  >&5
configure:14165: $? = 0
configure:14174: result: yes
configure:14185: checking for pa_strerror in -lpulse
configure:14210: gcc -o conftest -g -O2 -Wall   conftest.c -lpulse  -lpulse-simple -lpthread -lm  >&5
configure:14210: $? = 0
configure:14219: result: yes
configure:14335: checking for doxygen
configure:14363: result: no
configure:14424: checking for a Python interpreter with version >= 2.6
configure:14441: python -c import sys # split strings by '.' and convert to numeric. Append some zeros # because we need at least 4 digits for the hex conversion. # map returns an iterator in Python 3.0 and a list in 2.x minver = list(map(int, '2.6'.split('.'))) + [0, 0, 0] minverhex = 0 # xrange is not present in Python 3.0 and range returns an iterator for i in list(range(0, 4)): minverhex = (minverhex << 8) + minver[i] sys.exit(sys.hexversion < minverhex)
configure:14444: $? = 0
configure:14450: result: python
configure:14458: checking for python
configure:14476: found /usr/bin/python
configure:14488: result: /usr/bin/python
configure:14506: checking for python version
configure:14513: result: 2.7
configure:14525: checking for python platform
configure:14532: result: linux2
configure:14558: checking for python script directory
configure:14593: result: ${prefix}/lib/python2.7/dist-packages
configure:14602: checking for python extension module directory
configure:14637: result: ${exec_prefix}/lib/python2.7/dist-packages
configure:14658: checking for python2.7
configure:14688: result: /usr/bin/python
configure:14704: checking for a version of Python >= '2.1.0'
configure:14730: result: yes
configure:14761: checking for the distutils Python package
configure:14765: result: yes
configure:14779: checking for Python include path
configure:14795: result: -I/usr/include/python2.7
configure:14802: checking for Python library path
configure:14879: result: -L/usr/lib -lpython2.7
configure:14886: checking for Python site-packages path
configure:14892: result: /usr/lib/python2.7/dist-packages
configure:14899: checking python extra libraries
configure:14906: result: -lpthread -ldl  -lutil -lm
configure:14913: checking python extra linking flags
configure:14920: result: -Xlinker -export-dynamic -Wl,-O1 -Wl,-Bsymbolic-functions
configure:14927: checking consistency of all components of python development environment
configure:14953: gcc -o conftest -g -O2 -Wall  -I/usr/include/python2.7  conftest.c -lpulse -lpulse-simple -lpthread -lm  -L/usr/lib -lpython2.7 -Xlinker -export-dynamic -Wl,-O1 -Wl,-Bsymbolic-functions -lpthread -ldl  -lutil -lm >&5
configure:14953: $? = 0
configure:14970: result: yes
configure:15001: checking for swig
configure:15019: found /usr/bin/swig
configure:15031: result: /usr/bin/swig
configure:15045: checking SWIG version
configure:15048: result: 3.0.12
configure:15097: checking for SWIG library
configure:15100: result: /usr/share/swig3.0
configure:15237: checking that generated files are newer than configure
configure:15243: result: done
configure:15295: creating ./config.status

## ---------------------- ##
## Running config.status. ##
## ---------------------- ##

This file was extended by sphinxbase config.status 5prealpha, which was
generated by GNU Autoconf 2.69.  Invocation command line was

  CONFIG_FILES    = 
  CONFIG_HEADERS  = 
  CONFIG_LINKS    = 
  CONFIG_COMMANDS = 
  $ ./config.status 

on arm

config.status:1171: creating sphinxbase.pc
config.status:1171: creating Makefile
config.status:1171: creating include/Makefile
config.status:1171: creating include/sphinxbase/Makefile
config.status:1171: creating src/Makefile
config.status:1171: creating src/libsphinxad/Makefile
config.status:1171: creating src/libsphinxbase/Makefile
config.status:1171: creating src/libsphinxbase/util/Makefile
config.status:1171: creating src/libsphinxbase/feat/Makefile
config.status:1171: creating src/libsphinxbase/fe/Makefile
config.status:1171: creating src/libsphinxbase/lm/Makefile
config.status:1171: creating src/sphinx_fe/Makefile
config.status:1171: creating src/sphinx_cepview/Makefile
config.status:1171: creating src/sphinx_jsgf2fsg/Makefile
config.status:1171: creating src/sphinx_adtools/Makefile
config.status:1171: creating src/sphinx_lmtools/Makefile
config.status:1171: creating doc/Makefile
config.status:1171: creating doc/doxyfile
config.status:1171: creating test/Makefile
config.status:1171: creating test/unit/testfuncs.sh
config.status:1171: creating test/unit/Makefile
config.status:1171: creating test/unit/test_alloc/Makefile
config.status:1171: creating test/unit/test_bitvec/Makefile
config.status:1171: creating test/unit/test_case/Makefile
config.status:1171: creating test/unit/test_string/Makefile
config.status:1171: creating test/unit/test_cmdln/Makefile
config.status:1171: creating test/unit/test_hash/Makefile
config.status:1171: creating test/unit/test_matrix/Makefile
config.status:1171: creating test/unit/test_feat/Makefile
config.status:1171: creating test/unit/test_fe/Makefile
config.status:1171: creating test/unit/test_logmath/Makefile
config.status:1171: creating test/unit/test_lineiter/Makefile
config.status:1171: creating test/unit/test_ngram/Makefile
config.status:1171: creating test/unit/test_fsg/Makefile
config.status:1171: creating test/unit/test_thread/Makefile
config.status:1171: creating test/unit/test_util/Makefile
config.status:1171: creating test/regression/testfuncs.sh
config.status:1171: creating test/regression/Makefile
config.status:1171: creating swig/Makefile
config.status:1171: creating swig/python/Makefile
config.status:1171: creating include/config.h
config.status:1352: include/config.h is unchanged
config.status:1171: creating include/sphinx_config.h
config.status:1352: include/sphinx_config.h is unchanged
config.status:1400: executing depfiles commands
config.status:1400: executing libtool commands

## ---------------- ##
## Cache variables. ##
## ---------------- ##

ac_cv_build=armv7l-unknown-linux-gnueabihf
ac_cv_c_bigendian=no
ac_cv_c_compiler_gnu=yes
ac_cv_env_CC_set=
ac_cv_env_CC_value=
ac_cv_env_CFLAGS_set=
ac_cv_env_CFLAGS_value=
ac_cv_env_CPPFLAGS_set=
ac_cv_env_CPPFLAGS_value=
ac_cv_env_CPP_set=
ac_cv_env_CPP_value=
ac_cv_env_LDFLAGS_set=
ac_cv_env_LDFLAGS_value=
ac_cv_env_LIBS_set=
ac_cv_env_LIBS_value=
ac_cv_env_LT_SYS_LIBRARY_PATH_set=
ac_cv_env_LT_SYS_LIBRARY_PATH_value=
ac_cv_env_PYTHON_VERSION_set=
ac_cv_env_PYTHON_VERSION_value=
ac_cv_env_PYTHON_set=
ac_cv_env_PYTHON_value=
ac_cv_env_YACC_set=
ac_cv_env_YACC_value=
ac_cv_env_build_alias_set=
ac_cv_env_build_alias_value=
ac_cv_env_host_alias_set=
ac_cv_env_host_alias_value=
ac_cv_env_target_alias_set=
ac_cv_env_target_alias_value=
ac_cv_func_perror=yes
ac_cv_func_popen=yes
ac_cv_func_snprintf=yes
ac_cv_header_dlfcn_h=yes
ac_cv_header_errno_h=yes
ac_cv_header_inttypes_h=yes
ac_cv_header_memory_h=yes
ac_cv_header_pthread_h=yes
ac_cv_header_pulse_pulseaudio_h=yes
ac_cv_header_stdc=yes
ac_cv_header_stdint_h=yes
ac_cv_header_stdlib_h=yes
ac_cv_header_string_h=yes
ac_cv_header_strings_h=yes
ac_cv_header_sys_stat_h=yes
ac_cv_header_sys_types_h=yes
ac_cv_header_unistd_h=yes
ac_cv_host=armv7l-unknown-linux-gnueabihf
ac_cv_lib_lapack_sgesv_=no
ac_cv_lib_m_log=yes
ac_cv_lib_pthread_pthread_create=yes
ac_cv_lib_pulse_pa_strerror=yes
ac_cv_lib_pulse_simple_pa_simple_new=yes
ac_cv_objext=o
ac_cv_path_EGREP='/bin/grep -E'
ac_cv_path_FGREP='/bin/grep -F'
ac_cv_path_GREP=/bin/grep
ac_cv_path_PYTHON=/usr/bin/python
ac_cv_path_SED=/bin/sed
ac_cv_path_SWIG=/usr/bin/swig
ac_cv_path_install='/usr/bin/install -c'
ac_cv_path_lt_DD=/bin/dd
ac_cv_path_mkdir=/bin/mkdir
ac_cv_prog_AWK=mawk
ac_cv_prog_CPP='gcc -E'
ac_cv_prog_HAVE_DOXYGEN=no
ac_cv_prog_YACC='bison -y'
ac_cv_prog_ac_ct_AR=ar
ac_cv_prog_ac_ct_CC=gcc
ac_cv_prog_ac_ct_MANIFEST_TOOL=mt
ac_cv_prog_ac_ct_OBJDUMP=objdump
ac_cv_prog_ac_ct_RANLIB=ranlib
ac_cv_prog_ac_ct_STRIP=strip
ac_cv_prog_cc_c89=
ac_cv_prog_cc_c99=
ac_cv_prog_cc_g=yes
ac_cv_prog_cc_stdc=
ac_cv_prog_make_make_set=yes
ac_cv_search_strerror='none required'
ac_cv_sizeof_long=4
ac_cv_sizeof_long_long=8
ac_cv_type_long_long=yes
ac_cv_type_signal=void
am_cv_CC_dependencies_compiler_type=gcc3
am_cv_make_support_nested_variables=yes
am_cv_pathless_PYTHON=python
am_cv_prog_cc_c_o=yes
am_cv_python_platform=linux2
am_cv_python_pyexecdir='${exec_prefix}/lib/python2.7/dist-packages'
am_cv_python_pythondir='${prefix}/lib/python2.7/dist-packages'
am_cv_python_version=2.7
lt_cv_ar_at_file=@
lt_cv_archive_cmds_need_lc=no
lt_cv_deplibs_check_method=pass_all
lt_cv_file_magic_cmd='$MAGIC_CMD'
lt_cv_file_magic_test_file=
lt_cv_ld_reload_flag=-r
lt_cv_nm_interface='BSD nm'
lt_cv_objdir=.libs
lt_cv_path_LD=/usr/bin/arm-linux-gnueabihf-ld
lt_cv_path_NM='/usr/bin/nm -B'
lt_cv_path_mainfest_tool=no
lt_cv_prog_compiler_c_o=yes
lt_cv_prog_compiler_pic='-fPIC -DPIC'
lt_cv_prog_compiler_pic_works=yes
lt_cv_prog_compiler_rtti_exceptions=no
lt_cv_prog_compiler_static_works=yes
lt_cv_prog_gnu_ld=yes
lt_cv_sharedlib_from_linklib_cmd='printf %s\n'
lt_cv_shlibpath_overrides_runpath=yes
lt_cv_sys_global_symbol_pipe='sed -n -e '\''s/^.*[	 ]\([ABCDGIRSTW][ABCDGIRSTW]*\)[	 ][	 ]*\([_A-Za-z][_A-Za-z0-9]*\)$/\1 \2 \2/p'\'' | sed '\''/ __gnu_lto/d'\'''
lt_cv_sys_global_symbol_to_c_name_address='sed -n -e '\''s/^: \(.*\) .*$/  {"\1", (void *) 0},/p'\'' -e '\''s/^[ABCDGIRSTW][ABCDGIRSTW]* .* \(.*\)$/  {"\1", (void *) \&\1},/p'\'''
lt_cv_sys_global_symbol_to_c_name_address_lib_prefix='sed -n -e '\''s/^: \(.*\) .*$/  {"\1", (void *) 0},/p'\'' -e '\''s/^[ABCDGIRSTW][ABCDGIRSTW]* .* \(lib.*\)$/  {"\1", (void *) \&\1},/p'\'' -e '\''s/^[ABCDGIRSTW][ABCDGIRSTW]* .* \(.*\)$/  {"lib\1", (void *) \&\1},/p'\'''
lt_cv_sys_global_symbol_to_cdecl='sed -n -e '\''s/^T .* \(.*\)$/extern int \1();/p'\'' -e '\''s/^[ABCDGIRSTW][ABCDGIRSTW]* .* \(.*\)$/extern char \1;/p'\'''
lt_cv_sys_global_symbol_to_import=
lt_cv_sys_max_cmd_len=1572864
lt_cv_to_host_file_cmd=func_convert_file_noop
lt_cv_to_tool_file_cmd=func_convert_file_noop
lt_cv_truncate_bin='/bin/dd bs=4096 count=1'

## ----------------- ##
## Output variables. ##
## ----------------- ##

ACLOCAL='${SHELL} /home/ubuntu/SpiceRack/sphinxbase/missing aclocal-1.15'
AMDEPBACKSLASH='\'
AMDEP_FALSE='#'
AMDEP_TRUE=''
AMTAR='$${TAR-tar}'
AM_BACKSLASH='\'
AM_DEFAULT_V='$(AM_DEFAULT_VERBOSITY)'
AM_DEFAULT_VERBOSITY='1'
AM_V='$(V)'
AR='ar'
AUTOCONF='${SHELL} /home/ubuntu/SpiceRack/sphinxbase/missing autoconf'
AUTOHEADER='${SHELL} /home/ubuntu/SpiceRack/sphinxbase/missing autoheader'
AUTOMAKE='${SHELL} /home/ubuntu/SpiceRack/sphinxbase/missing automake-1.15'
AWK='mawk'
BUILD_DOXYGEN_FALSE=''
BUILD_DOXYGEN_TRUE='#'
BUILD_SWIG_FALSE='#'
BUILD_SWIG_TRUE=''
CC='gcc'
CCDEPMODE='depmode=gcc3'
CFLAGS='-g -O2 -Wall'
CPP='gcc -E'
CPPFLAGS=''
CYGPATH_W='echo'
DEFS='-DHAVE_CONFIG_H'
DEPDIR='.deps'
DLLTOOL='false'
DSYMUTIL=''
DUMPBIN=''
ECHO_C=''
ECHO_N='-n'
ECHO_T=''
EGREP='/bin/grep -E'
EXEEXT=''
FGREP='/bin/grep -F'
FIXED_POINT_FALSE=''
FIXED_POINT_TRUE='#'
GREP='/bin/grep'
HAVE_DOXYGEN='no'
INSTALL_DATA='${INSTALL} -m 644'
INSTALL_PROGRAM='${INSTALL}'
INSTALL_SCRIPT='${INSTALL}'
INSTALL_STRIP_PROGRAM='$(install_sh) -c -s'
LAPACK_LITE_FALSE='#'
LAPACK_LITE_TRUE=''
LD='/usr/bin/arm-linux-gnueabihf-ld'
LDFLAGS=''
LIBOBJS=''
LIBS='-lpulse -lpulse-simple -lpthread -lm '
LIBTOOL='$(SHELL) $(top_builddir)/libtool'
LIPO=''
LN_S='ln -s'
LTLIBOBJS=''
LT_SYS_LIBRARY_PATH=''
MAKEINFO='${SHELL} /home/ubuntu/SpiceRack/sphinxbase/missing makeinfo'
MANIFEST_TOOL=':'
MKDIR_P='/bin/mkdir -p'
NM='/usr/bin/nm -B'
NMEDIT=''
OBJDUMP='objdump'
OBJEXT='o'
OTOOL64=''
OTOOL=''
PACKAGE='sphinxbase'
PACKAGE_BUGREPORT=''
PACKAGE_NAME='sphinxbase'
PACKAGE_STRING='sphinxbase 5prealpha'
PACKAGE_TARNAME='sphinxbase'
PACKAGE_URL=''
PACKAGE_VERSION='5prealpha'
PATH_SEPARATOR=':'
PYTHON='/usr/bin/python'
PYTHON_CPPFLAGS='-I/usr/include/python2.7'
PYTHON_EXEC_PREFIX='${exec_prefix}'
PYTHON_EXTRA_LDFLAGS='-Xlinker -export-dynamic -Wl,-O1 -Wl,-Bsymbolic-functions'
PYTHON_EXTRA_LIBS='-lpthread -ldl  -lutil -lm'
PYTHON_LDFLAGS='-L/usr/lib -lpython2.7'
PYTHON_PLATFORM='linux2'
PYTHON_PREFIX='${prefix}'
PYTHON_SITE_PKG='/usr/lib/python2.7/dist-packages'
PYTHON_VERSION='2.7'
RANLIB='ranlib'
SED='/bin/sed'
SET_MAKE=''
SHELL='/bin/bash'
STRIP='strip'
SWIG='/usr/bin/swig'
SWIG_LIB='/usr/share/swig3.0'
USE_LAPACK_FALSE='#'
USE_LAPACK_TRUE=''
USE_THREADS_FALSE='#'
USE_THREADS_TRUE=''
VERSION='5prealpha'
YACC='bison -y'
ac_ct_AR='ar'
ac_ct_CC='gcc'
ac_ct_DUMPBIN=''
ad_cppflags=''
ad_files='ad_pulse.lo'
ad_libs=''
am__EXEEXT_FALSE=''
am__EXEEXT_TRUE='#'
am__fastdepCC_FALSE='#'
am__fastdepCC_TRUE=''
am__include='include'
am__isrc=''
am__leading_dot='.'
am__nodep='_no'
am__quote=''
am__tar='$${TAR-tar} chof - "$$tardir"'
am__untar='$${TAR-tar} xf -'
bindir='${exec_prefix}/bin'
build='armv7l-unknown-linux-gnueabihf'
build_alias=''
build_cpu='armv7l'
build_os='linux-gnueabihf'
build_vendor='unknown'
datadir='${datarootdir}'
datarootdir='${prefix}/share'
docdir='${datarootdir}/doc/${PACKAGE_TARNAME}'
dvidir='${docdir}'
exec_prefix='${prefix}'
host='armv7l-unknown-linux-gnueabihf'
host_alias=''
host_cpu='armv7l'
host_os='linux-gnueabihf'
host_vendor='unknown'
htmldir='${docdir}'
includedir='${prefix}/include'
infodir='${datarootdir}/info'
install_sh='${SHELL} /home/ubuntu/SpiceRack/sphinxbase/install-sh'
libdir='${exec_prefix}/lib'
libexecdir='${exec_prefix}/libexec'
localedir='${datarootdir}/locale'
localstatedir='${prefix}/var'
mandir='${datarootdir}/man'
mkdir_p='$(MKDIR_P)'
oldincludedir='/usr/include'
pdfdir='${docdir}'
pkgpyexecdir='${pyexecdir}/sphinxbase'
pkgpythondir='${pythondir}/sphinxbase'
prefix='/usr/local'
program_transform_name='s,x,x,'
psdir='${docdir}'
pyexecdir='${exec_prefix}/lib/python2.7/dist-packages'
pythondir='${prefix}/lib/python2.7/dist-packages'
runstatedir='${localstatedir}/run'
sbindir='${exec_prefix}/sbin'
sharedstatedir='${prefix}/com'
sysconfdir='${prefix}/etc'
target_alias=''

## ----------- ##
## confdefs.h. ##
## ----------- ##

/* confdefs.h */
#define PACKAGE_NAME "sphinxbase"
#define PACKAGE_TARNAME "sphinxbase"
#define PACKAGE_VERSION "5prealpha"
#define PACKAGE_STRING "sphinxbase 5prealpha"
#define PACKAGE_BUGREPORT ""
#define PACKAGE_URL ""
#define STDC_HEADERS 1
#define HAVE_SYS_TYPES_H 1
#define HAVE_SYS_STAT_H 1
#define HAVE_STDLIB_H 1
#define HAVE_STRING_H 1
#define HAVE_MEMORY_H 1
#define HAVE_STRINGS_H 1
#define HAVE_INTTYPES_H 1
#define HAVE_STDINT_H 1
#define HAVE_UNISTD_H 1
#define HAVE_DLFCN_H 1
#define LT_OBJDIR ".libs/"
#define STDC_HEADERS 1
#define RETSIGTYPE void
#define HAVE_LONG_LONG 1
#define SIZEOF_LONG_LONG 8
#define SIZEOF_LONG 4
#define HAVE_POPEN 1
#define HAVE_PERROR 1
#define HAVE_SNPRINTF 1
#define WITH_LAPACK /**/
#define HAVE_LIBM 1
#define HAVE_PTHREAD_H 1
#define HAVE_LIBPTHREAD 1
#define ENABLE_THREADS /**/
#define HAVE_LIBPULSE_SIMPLE 1
#define HAVE_LIBPULSE 1
#define HAVE_PYTHON "2.7"

configure: exit 0

## ---------------------- ##
## Running config.status. ##
## ---------------------- ##

This file was extended by sphinxbase config.status 5prealpha, which was
generated by GNU Autoconf 2.69.  Invocation command line was

  CONFIG_FILES    = 
  CONFIG_HEADERS  = 
  CONFIG_LINKS    = 
  CONFIG_COMMANDS = 
  $ ./config.status include/config.h

on arm

config.status:1171: creating include/config.h
config.status:1352: include/config.h is unchanged
